SF:lib\core\helpers\validators.dart
DA:4,1
DA:5,1
DA:7,1
DA:13,1
DA:14,1
DA:16,1
DA:22,1
DA:23,1
DA:25,1
DA:31,1
DA:35,1
DA:37,1
DA:39,1
DA:45,1
DA:46,1
DA:48,1
LF:16
LH:16
end_of_record
SF:lib\core\helpers\regex.dart
DA:2,1
DA:3,2
DA:6,1
DA:7,2
DA:10,1
DA:11,2
DA:14,0
DA:15,0
DA:18,1
DA:19,1
DA:21,1
LF:11
LH:9
end_of_record
SF:lib\core\errors\api_results.dart
DA:7,6
DA:12,4
LF:2
LH:2
end_of_record
SF:lib\core\errors\failures.dart
DA:6,4
DA:10,0
DA:12,0
DA:13,0
DA:14,0
DA:15,0
DA:18,0
DA:19,0
DA:20,0
DA:21,0
DA:22,0
DA:23,0
DA:27,0
DA:28,0
DA:32,0
DA:33,0
DA:37,0
DA:38,0
DA:41,0
DA:42,0
DA:46,0
DA:48,0
DA:51,0
DA:52,0
DA:53,0
DA:54,0
DA:55,0
DA:60,0
DA:61,0
DA:62,0
LF:30
LH:1
end_of_record
SF:lib\features\home_screen\data\model\category_response_dto.dart
DA:17,0
DA:27,0
DA:28,0
DA:30,0
DA:32,1
DA:33,4
DA:36,0
DA:37,0
LF:8
LH:2
end_of_record
SF:lib\features\home_screen\data\model\category_response_dto.g.dart
DA:9,0
DA:10,0
DA:11,0
DA:12,0
DA:13,0
DA:14,0
DA:15,0
DA:16,0
DA:17,0
DA:20,0
DA:22,0
DA:23,0
DA:24,0
DA:25,0
DA:26,0
DA:27,0
DA:28,0
DA:29,0
LF:18
LH:0
end_of_record
SF:lib\features\home_screen\domain\entities\category_entity.dart
DA:8,1
DA:10,2
DA:11,8
LF:3
LH:3
end_of_record
SF:lib\features\home_screen\domain\entities\best_saller_entity.dart
DA:14,1
DA:26,2
DA:27,2
DA:28,2
DA:29,2
DA:30,2
DA:31,2
DA:32,2
DA:33,2
DA:34,2
DA:35,2
DA:36,2
LF:12
LH:12
end_of_record
SF:lib\features\home_screen\domain\entities\home_entity.dart
DA:13,2
DA:20,1
DA:22,5
LF:3
LH:3
end_of_record
SF:lib\features\home_screen\domain\entities\occasion_entity.dart
DA:8,1
DA:10,2
DA:11,8
LF:3
LH:3
end_of_record
SF:lib\features\home_screen\domain\entities\product_entity.dart
DA:14,1
DA:26,2
DA:27,2
DA:28,2
DA:29,2
DA:30,2
DA:31,2
DA:32,2
DA:33,2
DA:34,2
DA:35,2
DA:36,2
LF:12
LH:12
end_of_record
SF:lib\features\home_screen\domain\use_cases\home_use_case.dart
DA:8,0
DA:9,0
DA:10,0
LF:3
LH:0
end_of_record
SF:lib\features\home_screen\domain\view_model\home_bloc.dart
DA:10,3
DA:12,1
DA:14,1
DA:15,1
DA:19,1
DA:20,3
DA:21,2
DA:23,1
DA:24,4
DA:25,1
DA:26,1
DA:27,2
DA:29,2
LF:13
LH:13
end_of_record
SF:lib\features\home_screen\domain\view_model\home_state.dart
DA:10,1
DA:12,1
DA:17,1
DA:18,0
DA:19,1
DA:20,1
DA:24,1
DA:25,4
LF:8
LH:7
end_of_record
SF:lib\features\auth\register\data\mapper\to_register_body_dto.dart
DA:4,2
DA:5,1
DA:6,1
DA:7,1
DA:8,1
DA:9,1
DA:10,1
DA:11,1
LF:8
LH:8
end_of_record
SF:lib\features\auth\register\data\model\register_body_dto.dart
DA:13,1
DA:23,0
DA:24,0
DA:25,0
DA:26,0
DA:27,0
DA:28,0
DA:29,0
DA:30,0
DA:33,0
DA:34,0
DA:35,0
DA:36,0
DA:37,0
DA:38,0
DA:39,0
DA:40,0
LF:17
LH:1
end_of_record
SF:lib\features\auth\register\data\model\register_respone\register_respone_dto.dart
DA:12,1
DA:14,0
DA:15,0
DA:16,0
DA:17,0
DA:19,0
DA:20,0
DA:24,0
DA:25,0
DA:26,0
DA:27,0
DA:30,2
DA:31,1
LF:13
LH:3
end_of_record
SF:lib\features\auth\register\data\model\register_respone\user.dart
DA:14,1
DA:28,0
DA:29,0
DA:30,0
DA:31,0
DA:32,0
DA:33,0
DA:34,0
DA:35,0
DA:36,0
DA:37,0
DA:38,0
DA:39,0
DA:41,0
DA:44,0
DA:45,0
DA:46,0
DA:47,0
DA:48,0
DA:49,0
DA:50,0
DA:51,0
DA:52,0
DA:53,0
DA:54,0
DA:55,0
LF:26
LH:1
end_of_record
SF:lib\features\auth\register\domin\entites\register_body.dart
DA:10,3
LF:1
LH:1
end_of_record
SF:lib\features\auth\register\domin\entites\register_respone.dart
DA:4,3
LF:1
LH:1
end_of_record
SF:lib\features\auth\register\data\repo\auth_repo_impl.dart
DA:19,1
DA:20,1
DA:23,2
DA:26,0
DA:27,0
DA:31,3
DA:32,2
DA:33,0
DA:34,0
DA:35,0
DA:38,0
LF:11
LH:5
end_of_record
SF:lib\features\auth\register\domin\usecase\register_usecase.dart
DA:10,1
DA:12,1
DA:13,2
LF:3
LH:3
end_of_record
SF:lib\features\auth\register\presentation\view_model\cubit\register_cubit.dart
DA:16,3
DA:18,1
DA:20,1
DA:21,2
DA:26,1
DA:27,3
DA:28,2
DA:30,1
DA:31,3
DA:33,1
DA:34,1
DA:35,2
DA:38,2
LF:13
LH:13
end_of_record
SF:lib\features\auth\register\presentation\view_model\cubit\register_state.dart
DA:21,1
DA:28,1
DA:34,1
DA:35,0
DA:36,1
DA:37,1
DA:38,1
DA:43,1
DA:44,5
LF:9
LH:8
end_of_record
SF:lib\features\auth\register\presentation\view_model\cubit\registr_event.dart
DA:7,1
LF:1
LH:1
end_of_record
SF:lib\features\home_screen\data\model\best_saller_response_dto.dart
DA:30,1
DA:51,0
DA:52,0
DA:54,0
DA:56,1
DA:57,1
DA:58,1
DA:59,1
DA:60,1
DA:61,1
DA:62,1
DA:63,1
DA:64,1
DA:65,1
DA:66,1
DA:70,0
DA:71,0
DA:72,0
DA:73,0
DA:74,0
DA:75,0
DA:76,0
DA:77,0
DA:78,0
DA:79,0
DA:80,0
LF:26
LH:12
end_of_record
SF:lib\features\home_screen\data\model\best_saller_response_dto.g.dart
DA:9,0
DA:11,0
DA:12,0
DA:13,0
DA:14,0
DA:15,0
DA:16,0
DA:17,0
DA:18,0
DA:20,0
DA:21,0
DA:22,0
DA:23,0
DA:24,0
DA:25,0
DA:26,0
DA:27,0
DA:28,0
DA:29,0
DA:30,0
DA:31,0
DA:34,0
DA:36,0
DA:37,0
DA:38,0
DA:39,0
DA:40,0
DA:41,0
DA:42,0
DA:43,0
DA:44,0
DA:45,0
DA:46,0
DA:47,0
DA:48,0
DA:49,0
DA:50,0
DA:51,0
DA:52,0
DA:53,0
DA:54,0
LF:41
LH:0
end_of_record
SF:lib\features\home_screen\data\model\occasion_response_dto.dart
DA:17,1
DA:27,0
DA:28,0
DA:30,0
DA:32,1
DA:33,4
DA:36,0
DA:37,0
LF:8
LH:3
end_of_record
SF:lib\features\home_screen\data\model\occasion_response_dto.g.dart
DA:9,0
DA:10,0
DA:11,0
DA:12,0
DA:13,0
DA:14,0
DA:15,0
DA:16,0
DA:17,0
DA:20,0
DA:22,0
DA:23,0
DA:24,0
DA:25,0
DA:26,0
DA:27,0
DA:28,0
DA:29,0
LF:18
LH:0
end_of_record
SF:lib\features\home_screen\data\model\home_response_dto.dart
DA:23,1
DA:31,0
DA:32,0
DA:34,0
DA:36,2
DA:37,2
DA:38,6
DA:39,6
DA:40,6
DA:41,6
DA:45,0
DA:46,0
LF:12
LH:7
end_of_record
SF:lib\features\home_screen\data\model\home_response_dto.g.dart
DA:9,0
DA:11,0
DA:12,0
DA:14,0
DA:15,0
DA:16,0
DA:17,0
DA:19,0
DA:20,0
DA:21,0
DA:22,0
DA:24,0
DA:25,0
DA:26,0
DA:28,0
DA:29,0
DA:31,0
DA:32,0
DA:33,0
DA:34,0
DA:37,0
DA:38,0
DA:39,0
DA:40,0
DA:41,0
DA:42,0
DA:43,0
LF:27
LH:0
end_of_record
SF:lib\features\home_screen\data\model\product_response_dto.dart
DA:28,0
DA:49,0
DA:50,0
DA:52,0
DA:54,1
DA:55,1
DA:56,1
DA:57,1
DA:58,1
DA:59,1
DA:60,1
DA:61,1
DA:62,1
DA:63,1
DA:64,1
DA:68,0
DA:70,0
DA:71,0
DA:72,0
DA:73,0
DA:74,0
DA:75,0
DA:76,0
DA:77,0
DA:78,0
DA:79,0
LF:26
LH:11
end_of_record
SF:lib\features\home_screen\data\model\product_response_dto.g.dart
DA:9,0
DA:10,0
DA:11,0
DA:12,0
DA:13,0
DA:14,0
DA:15,0
DA:16,0
DA:17,0
DA:18,0
DA:20,0
DA:21,0
DA:22,0
DA:23,0
DA:24,0
DA:25,0
DA:26,0
DA:27,0
DA:28,0
DA:29,0
DA:30,0
DA:31,0
DA:32,0
DA:35,0
DA:36,0
DA:37,0
DA:38,0
DA:39,0
DA:40,0
DA:41,0
DA:42,0
DA:43,0
DA:44,0
DA:45,0
DA:46,0
DA:47,0
DA:48,0
DA:49,0
DA:50,0
DA:51,0
DA:52,0
DA:53,0
DA:54,0
LF:43
LH:0
end_of_record
SF:lib\features\home_screen\data\repositories\home_repo_imp.dart
DA:12,1
DA:13,1
DA:16,2
DA:17,2
DA:18,1
DA:19,0
DA:20,0
DA:23,3
LF:8
LH:6
end_of_record
